<?xml version="1.0" encoding="UTF-8"?>
<!-- Generated by org.testng.reporters.JUnitReportReporter -->
<testsuite hostname="DESKTOP-M6TD4RS" failures="0" tests="2" name="HRM.hrmwebui.AppTest" time="0.010" errors="0" timestamp="2025-05-02T15:23:00 EDT" skipped="0">
  <testcase classname="HRM.hrmwebui.AppTest" name="testLogIn" time="0.006"/>
  <testcase classname="HRM.hrmwebui.AppTest" name="testFailedLogIn" time="0.004"/>
</testsuite> <!-- HRM.hrmwebui.AppTest -->
