<?xml version="1.0" encoding="UTF-8"?>
<!-- Generated by org.testng.reporters.JUnitReportReporter -->
<testsuite hostname="DESKTOP-M6TD4RS" failures="0" tests="1" name="HRM.hrmwebui.TC_LogIn" time="9.482" errors="0" timestamp="2025-05-02T15:23:00 EDT" skipped="0">
  <testcase classname="HRM.hrmwebui.TC_LogIn" name="login_Test" time="9.482"/>
</testsuite> <!-- HRM.hrmwebui.TC_LogIn -->
